
**** Build of configuration Debug for project adc ****

"C:\\ti\\ccs930\\ccs\\utils\\bin\\gmake" -k -j 8 all -O 
 
Building file: "../main.c"
Invoking: ARM Compiler
"C:/ti/ccs930/ccs/tools/compiler/ti-cgt-arm_18.12.4.LTS/bin/armcl" -mv7M4 --code_state=16 --float_support=FPv4SPD16 -me --include_path="C:/ti/workspace_v9/adc" --include_path="C:/ti/ccs930/ccs/tools/compiler/ti-cgt-arm_18.12.4.LTS/include" --define=ccs="ccs" --define=PART_TM4C123GH6PM -g --gcc --diag_warning=225 --diag_wrap=off --display_error_number --abi=eabi --preproc_with_compile --preproc_dependency="main.d_raw"  "../main.c"
 
>> Compilation failure
subdir_rules.mk:9: recipe for target 'main.obj' failed
"../main.c", line 10: fatal error #1965: cannot open source file "inc/hw_memmap.h"
1 catastrophic error detected in the compilation of "../main.c".
Compilation terminated.
gmake: *** [main.obj] Error 1
Building file: "../tm4c123gh6pm_startup_ccs.c"
Invoking: ARM Compiler
"C:/ti/ccs930/ccs/tools/compiler/ti-cgt-arm_18.12.4.LTS/bin/armcl" -mv7M4 --code_state=16 --float_support=FPv4SPD16 -me --include_path="C:/ti/workspace_v9/adc" --include_path="C:/ti/ccs930/ccs/tools/compiler/ti-cgt-arm_18.12.4.LTS/include" --define=ccs="ccs" --define=PART_TM4C123GH6PM -g --gcc --diag_warning=225 --diag_wrap=off --display_error_number --abi=eabi --preproc_with_compile --preproc_dependency="tm4c123gh6pm_startup_ccs.d_raw"  "../tm4c123gh6pm_startup_ccs.c"
Finished building: "../tm4c123gh6pm_startup_ccs.c"
 
gmake: Target 'all' not remade because of errors.

**** Build Finished ****

**** Build of configuration Debug for project adc ****

"C:\\ti\\ccs930\\ccs\\utils\\bin\\gmake" -k -j 8 all -O 
 
Building file: "../main.c"
Invoking: ARM Compiler
"C:/ti/ccs930/ccs/tools/compiler/ti-cgt-arm_18.12.4.LTS/bin/armcl" -mv7M4 --code_state=16 --float_support=FPv4SPD16 -me --include_path="C:/ti/workspace_v9/adc" --include_path="C:/ti/ccs930/ccs/tools/compiler/ti-cgt-arm_18.12.4.LTS/include" --define=ccs="ccs" --define=PART_TM4C123GH6PM -g --gcc --diag_warning=225 --diag_wrap=off --display_error_number --abi=eabi --preproc_with_compile --preproc_dependency="main.d_raw"  "../main.c"
 
>> Compilation failure
subdir_rules.mk:9: recipe for target 'main.obj' failed
"../main.c", line 10: fatal error #1965: cannot open source file "inc/hw_memmap.h"
1 catastrophic error detected in the compilation of "../main.c".
Compilation terminated.
gmake: *** [main.obj] Error 1
Building file: "../tm4c123gh6pm_startup_ccs.c"
Invoking: ARM Compiler
"C:/ti/ccs930/ccs/tools/compiler/ti-cgt-arm_18.12.4.LTS/bin/armcl" -mv7M4 --code_state=16 --float_support=FPv4SPD16 -me --include_path="C:/ti/workspace_v9/adc" --include_path="C:/ti/ccs930/ccs/tools/compiler/ti-cgt-arm_18.12.4.LTS/include" --define=ccs="ccs" --define=PART_TM4C123GH6PM -g --gcc --diag_warning=225 --diag_wrap=off --display_error_number --abi=eabi --preproc_with_compile --preproc_dependency="tm4c123gh6pm_startup_ccs.d_raw"  "../tm4c123gh6pm_startup_ccs.c"
Finished building: "../tm4c123gh6pm_startup_ccs.c"
 
gmake: Target 'all' not remade because of errors.

**** Build Finished ****

**** Build of configuration Debug for project adc ****

"C:\\ti\\ccs930\\ccs\\utils\\bin\\gmake" -k -j 8 all -O 
 
Building file: "../main.c"
Invoking: ARM Compiler
"C:/ti/ccs930/ccs/tools/compiler/ti-cgt-arm_18.12.4.LTS/bin/armcl" -mv7M4 --code_state=16 --float_support=FPv4SPD16 -me --include_path="TIVAWARE_INSTALL" --include_path="C:/ti/workspace_v9/adc" --include_path="C:/ti/ccs930/ccs/tools/compiler/ti-cgt-arm_18.12.4.LTS/include" --define=ccs="ccs" --define=PART_TM4C123GH6PM -g --gcc --diag_warning=225 --diag_wrap=off --display_error_number --abi=eabi --preproc_with_compile --preproc_dependency="main.d_raw"  "../main.c"
 
>> Compilation failure
subdir_rules.mk:9: recipe for target 'main.obj' failed
"../main.c", line 10: fatal error #1965: cannot open source file "inc/hw_memmap.h"
1 catastrophic error detected in the compilation of "../main.c".
Compilation terminated.
gmake: *** [main.obj] Error 1
Building file: "../tm4c123gh6pm_startup_ccs.c"
Invoking: ARM Compiler
"C:/ti/ccs930/ccs/tools/compiler/ti-cgt-arm_18.12.4.LTS/bin/armcl" -mv7M4 --code_state=16 --float_support=FPv4SPD16 -me --include_path="TIVAWARE_INSTALL" --include_path="C:/ti/workspace_v9/adc" --include_path="C:/ti/ccs930/ccs/tools/compiler/ti-cgt-arm_18.12.4.LTS/include" --define=ccs="ccs" --define=PART_TM4C123GH6PM -g --gcc --diag_warning=225 --diag_wrap=off --display_error_number --abi=eabi --preproc_with_compile --preproc_dependency="tm4c123gh6pm_startup_ccs.d_raw"  "../tm4c123gh6pm_startup_ccs.c"
Finished building: "../tm4c123gh6pm_startup_ccs.c"
 
gmake: Target 'all' not remade because of errors.

**** Build Finished ****

**** Build of configuration Debug for project adc ****

"C:\\ti\\ccs930\\ccs\\utils\\bin\\gmake" -k -j 8 all -O 
 
Building file: "../tm4c123gh6pm_startup_ccs.c"
Invoking: ARM Compiler
"C:/ti/ccs930/ccs/tools/compiler/ti-cgt-arm_18.12.4.LTS/bin/armcl" -mv7M4 --code_state=16 --float_support=FPv4SPD16 -me --include_path="C:/ti/TivaWare_C_Series-2.1.4.178" --include_path="C:/ti/workspace_v9/adc" --include_path="C:/ti/ccs930/ccs/tools/compiler/ti-cgt-arm_18.12.4.LTS/include" --define=ccs="ccs" --define=PART_TM4C123GH6PM -g --gcc --diag_warning=225 --diag_wrap=off --display_error_number --abi=eabi --preproc_with_compile --preproc_dependency="tm4c123gh6pm_startup_ccs.d_raw"  "../tm4c123gh6pm_startup_ccs.c"
Finished building: "../tm4c123gh6pm_startup_ccs.c"
 
Building file: "../main.c"
Invoking: ARM Compiler
"C:/ti/ccs930/ccs/tools/compiler/ti-cgt-arm_18.12.4.LTS/bin/armcl" -mv7M4 --code_state=16 --float_support=FPv4SPD16 -me --include_path="C:/ti/TivaWare_C_Series-2.1.4.178" --include_path="C:/ti/workspace_v9/adc" --include_path="C:/ti/ccs930/ccs/tools/compiler/ti-cgt-arm_18.12.4.LTS/include" --define=ccs="ccs" --define=PART_TM4C123GH6PM -g --gcc --diag_warning=225 --diag_wrap=off --display_error_number --abi=eabi --preproc_with_compile --preproc_dependency="main.d_raw"  "../main.c"
Finished building: "../main.c"
 
Building target: "adc.out"
Invoking: ARM Linker
"C:/ti/ccs930/ccs/tools/compiler/ti-cgt-arm_18.12.4.LTS/bin/armcl" -mv7M4 --code_state=16 --float_support=FPv4SPD16 -me --define=ccs="ccs" --define=PART_TM4C123GH6PM -g --gcc --diag_warning=225 --diag_wrap=off --display_error_number --abi=eabi -z -m"adc.map" --heap_size=0 --stack_size=512 -i"C:/ti/ccs930/ccs/tools/compiler/ti-cgt-arm_18.12.4.LTS/lib" -i"C:/ti/ccs930/ccs/tools/compiler/ti-cgt-arm_18.12.4.LTS/include" --reread_libs --diag_wrap=off --display_error_number --warn_sections --xml_link_info="adc_linkInfo.xml" --rom_model -o "adc.out" "./main.obj" "./tm4c123gh6pm_startup_ccs.obj" "../tm4c123gh6pm.cmd"  -llibc.a 
<Linking>
 
 undefined                first referenced
  symbol                      in file     
 ---------                ----------------
 ADCIntClear              ./main.obj      
 ADCIntStatus             ./main.obj      
 ADCProcessorTrigger      ./main.obj      
 ADCSequenceConfigure     ./main.obj      
 ADCSequenceDataGet       ./main.obj      
 ADCSequenceEnable        ./main.obj      
 ADCSequenceStepConfigure ./main.obj      
 GPIOPinConfigure         ./main.obj      
 GPIOPinTypeADC           ./main.obj      
 GPIOPinTypeUART          ./main.obj      
 SysCtlClockGet           ./main.obj      
 SysCtlClockSet           ./main.obj      
 SysCtlDelay              ./main.obj      
 SysCtlPeripheralEnable   ./main.obj      
 UARTClockSourceSet       ./main.obj      
 UARTStdioConfig          ./main.obj      
 UARTprintf               ./main.obj      
 
error #10234-D: unresolved symbols remain
error #10010: errors encountered during linking; "adc.out" not built
 
>> Compilation failure
makefile:142: recipe for target 'adc.out' failed
gmake[1]: *** [adc.out] Error 1
makefile:138: recipe for target 'all' failed
gmake: *** [all] Error 2

**** Build Finished ****

**** Build of configuration Debug for project adc ****

"C:\\ti\\ccs930\\ccs\\utils\\bin\\gmake" -k -j 8 all -O 
 
Building target: "adc.out"
Invoking: ARM Linker
"C:/ti/ccs930/ccs/tools/compiler/ti-cgt-arm_18.12.4.LTS/bin/armcl" -mv7M4 --code_state=16 --float_support=FPv4SPD16 -me --define=ccs="ccs" --define=PART_TM4C123GH6PM -g --gcc --diag_warning=225 --diag_wrap=off --display_error_number --abi=eabi -z -m"adc.map" --heap_size=0 --stack_size=512 -i"C:/ti/ccs930/ccs/tools/compiler/ti-cgt-arm_18.12.4.LTS/lib" -i"C:/ti/ccs930/ccs/tools/compiler/ti-cgt-arm_18.12.4.LTS/include" --reread_libs --diag_wrap=off --display_error_number --warn_sections --xml_link_info="adc_linkInfo.xml" --rom_model -o "adc.out" "./main.obj" "./tm4c123gh6pm_startup_ccs.obj" "../tm4c123gh6pm.cmd"  -llibc.a 
<Linking>
 
 undefined                first referenced
  symbol                      in file     
 ---------                ----------------
 ADCIntClear              ./main.obj      
 ADCIntStatus             ./main.obj      
 ADCProcessorTrigger      ./main.obj      
 ADCSequenceConfigure     ./main.obj      
 ADCSequenceDataGet       ./main.obj      
 ADCSequenceEnable        ./main.obj      
 ADCSequenceStepConfigure ./main.obj      
 GPIOPinConfigure         ./main.obj      
 GPIOPinTypeADC           ./main.obj      
 GPIOPinTypeUART          ./main.obj      
 SysCtlClockGet           ./main.obj      
 SysCtlClockSet           ./main.obj      
 SysCtlDelay              ./main.obj      
 SysCtlPeripheralEnable   ./main.obj      
 UARTClockSourceSet       ./main.obj      
 UARTStdioConfig          ./main.obj      
 UARTprintf               ./main.obj      
 
error #10234-D: unresolved symbols remain
error #10010: errors encountered during linking; "adc.out" not built
 
>> Compilation failure
makefile:142: recipe for target 'adc.out' failed
gmake[1]: *** [adc.out] Error 1
makefile:138: recipe for target 'all' failed
gmake: *** [all] Error 2

**** Build Finished ****

**** Build of configuration Debug for project adc ****

"C:\\ti\\ccs930\\ccs\\utils\\bin\\gmake" -k -j 8 all -O 
 
Building file: "../main.c"
Invoking: ARM Compiler
"C:/ti/ccs930/ccs/tools/compiler/ti-cgt-arm_18.12.4.LTS/bin/armcl" -mv7M4 --code_state=16 --float_support=FPv4SPD16 -me --include_path="C:/ti/TivaWare_C_Series-2.1.4.178" --include_path="C:/ti/workspace_v9/adc" --include_path="C:/ti/ccs930/ccs/tools/compiler/ti-cgt-arm_18.12.4.LTS/include" --define=ccs="ccs" --define=PART_TM4C123GH6PM -g --gcc --diag_warning=225 --diag_wrap=off --display_error_number --abi=eabi --preproc_with_compile --preproc_dependency="main.d_raw"  "../main.c"
 
>> Compilation failure
subdir_rules.mk:9: recipe for target 'main.obj' failed
"C:/ti/TivaWare_C_Series-2.1.4.178/driverlib/adc.h", line 254: error #20: identifier "bool" is undefined
"C:/ti/TivaWare_C_Series-2.1.4.178/driverlib/adc.h", line 296: error #20: identifier "bool" is undefined
"C:/ti/TivaWare_C_Series-2.1.4.178/driverlib/adc.h", line 296: error #20: identifier "bool" is undefined
"C:/ti/TivaWare_C_Series-2.1.4.178/driverlib/adc.h", line 305: error #20: identifier "bool" is undefined
"C:/ti/TivaWare_C_Series-2.1.4.178/driverlib/adc.h", line 309: error #20: identifier "bool" is undefined
"C:/ti/TivaWare_C_Series-2.1.4.178/driverlib/gpio.h", line 153: error #20: identifier "bool" is undefined
"C:/ti/TivaWare_C_Series-2.1.4.178/driverlib/sysctl.h", line 585: error #20: identifier "bool" is undefined
"C:/ti/TivaWare_C_Series-2.1.4.178/driverlib/sysctl.h", line 586: error #20: identifier "bool" is undefined
"C:/ti/TivaWare_C_Series-2.1.4.178/driverlib/sysctl.h", line 596: error #20: identifier "bool" is undefined
"C:/ti/TivaWare_C_Series-2.1.4.178/driverlib/sysctl.h", line 602: error #20: identifier "bool" is undefined
"C:/ti/TivaWare_C_Series-2.1.4.178/driverlib/sysctl.h", line 626: error #20: identifier "bool" is undefined
"C:/ti/TivaWare_C_Series-2.1.4.178/driverlib/sysctl.h", line 627: error #20: identifier "bool" is undefined
"C:/ti/TivaWare_C_Series-2.1.4.178/driverlib/sysctl.h", line 628: error #20: identifier "bool" is undefined
"C:/ti/TivaWare_C_Series-2.1.4.178/driverlib/sysctl.h", line 645: error #20: identifier "bool" is undefined
"C:/ti/TivaWare_C_Series-2.1.4.178/driverlib/pwm.h", line 268: error #20: identifier "bool" is undefined
"C:/ti/TivaWare_C_Series-2.1.4.178/driverlib/pwm.h", line 270: error #20: identifier "bool" is undefined
"C:/ti/TivaWare_C_Series-2.1.4.178/driverlib/pwm.h", line 273: error #20: identifier "bool" is undefined
"C:/ti/TivaWare_C_Series-2.1.4.178/driverlib/pwm.h", line 275: error #20: identifier "bool" is undefined
"C:/ti/TivaWare_C_Series-2.1.4.178/driverlib/pwm.h", line 287: error #20: identifier "bool" is undefined
"C:/ti/TivaWare_C_Series-2.1.4.178/driverlib/pwm.h", line 293: error #20: identifier "bool" is undefined
"../main.c", line 98: error #20: identifier "true" is undefined
"../main.c", line 122: error #20: identifier "false" is undefined
22 errors detected in the compilation of "../main.c".
gmake: *** [main.obj] Error 1
gmake: Target 'all' not remade because of errors.

**** Build Finished ****

**** Build of configuration Debug for project adc ****

"C:\\ti\\ccs930\\ccs\\utils\\bin\\gmake" -k -j 8 all -O 
 
Building file: "../main.c"
Invoking: ARM Compiler
"C:/ti/ccs930/ccs/tools/compiler/ti-cgt-arm_18.12.4.LTS/bin/armcl" -mv7M4 --code_state=16 --float_support=FPv4SPD16 -me --include_path="C:/ti/TivaWare_C_Series-2.1.4.178" --include_path="C:/ti/workspace_v9/adc" --include_path="C:/ti/ccs930/ccs/tools/compiler/ti-cgt-arm_18.12.4.LTS/include" --define=ccs="ccs" --define=PART_TM4C123GH6PM -g --gcc --diag_warning=225 --diag_wrap=off --display_error_number --abi=eabi --preproc_with_compile --preproc_dependency="main.d_raw"  "../main.c"
Finished building: "../main.c"
 
Building target: "adc.out"
Invoking: ARM Linker
"C:/ti/ccs930/ccs/tools/compiler/ti-cgt-arm_18.12.4.LTS/bin/armcl" -mv7M4 --code_state=16 --float_support=FPv4SPD16 -me --define=ccs="ccs" --define=PART_TM4C123GH6PM -g --gcc --diag_warning=225 --diag_wrap=off --display_error_number --abi=eabi -z -m"adc.map" --heap_size=0 --stack_size=512 -i"C:/ti/ccs930/ccs/tools/compiler/ti-cgt-arm_18.12.4.LTS/lib" -i"C:/ti/ccs930/ccs/tools/compiler/ti-cgt-arm_18.12.4.LTS/include" --reread_libs --diag_wrap=off --display_error_number --warn_sections --xml_link_info="adc_linkInfo.xml" --rom_model -o "adc.out" "./main.obj" "./tm4c123gh6pm_startup_ccs.obj" "../tm4c123gh6pm.cmd"  -llibc.a 
<Linking>
 
 undefined                first referenced
  symbol                      in file     
 ---------                ----------------
 ADCIntClear              ./main.obj      
 ADCIntStatus             ./main.obj      
 ADCProcessorTrigger      ./main.obj      
 ADCSequenceConfigure     ./main.obj      
 ADCSequenceDataGet       ./main.obj      
 ADCSequenceEnable        ./main.obj      
 ADCSequenceStepConfigure ./main.obj      
 GPIODirModeSet           ./main.obj      
 GPIOPadConfigSet         ./main.obj      
 GPIOPinConfigure         ./main.obj      
 GPIOPinTypeADC           ./main.obj      
 GPIOPinTypePWM           ./main.obj      
 PWMGenConfigure          ./main.obj      
 PWMGenDisable            ./main.obj      
 PWMGenEnable             ./main.obj      
 PWMGenPeriodSet          ./main.obj      
 PWMOutputState           ./main.obj      
 PWMPulseWidthSet         ./main.obj      
 SysCtlClockGet           ./main.obj      
 SysCtlClockSet           ./main.obj      
 SysCtlDelay              ./main.obj      
 SysCtlPWMClockSet        ./main.obj      
 SysCtlPeripheralEnable   ./main.obj      
 
error #10234-D: unresolved symbols remain
error #10010: errors encountered during linking; "adc.out" not built
 
>> Compilation failure
makefile:142: recipe for target 'adc.out' failed
gmake[1]: *** [adc.out] Error 1
makefile:138: recipe for target 'all' failed
gmake: *** [all] Error 2

**** Build Finished ****

**** Clean-only build of configuration Debug for project lab5_workshop ****

"C:\\ti\\ccs930\\ccs\\utils\\bin\\gmake" -k clean 
 
DEL /F  "lab5_workshop.out" 
DEL /F "main.obj" "tm4c123gh6pm_startup_ccs.obj" 
DEL /F "main.d" "tm4c123gh6pm_startup_ccs.d" 
Finished clean
 

**** Build Finished ****

**** Build of configuration Debug for project lab5_workshop ****

"C:\\ti\\ccs930\\ccs\\utils\\bin\\gmake" -k all 
 
Building file: "../main.c"
Invoking: ARM Compiler
"C:/ti/ccs930/ccs/tools/compiler/ti-cgt-arm_18.12.4.LTS/bin/armcl" -mv7M4 --code_state=16 --float_support=FPv4SPD16 --abi=eabi -me --include_path="C:/ti/ccs930/ccs/tools/compiler/ti-cgt-arm_18.12.4.LTS/include" --include_path="C:/ti/TivaWare_C_Series-2.1.4.178" -g --define=PART_TM4C123GH6PM --display_error_number --diag_wrap=off --diag_warning=225 --preproc_with_compile --preproc_dependency="main.d_raw"  "../main.c"
Finished building: "../main.c"
 
Building file: "../tm4c123gh6pm_startup_ccs.c"
Invoking: ARM Compiler
"C:/ti/ccs930/ccs/tools/compiler/ti-cgt-arm_18.12.4.LTS/bin/armcl" -mv7M4 --code_state=16 --float_support=FPv4SPD16 --abi=eabi -me --include_path="C:/ti/ccs930/ccs/tools/compiler/ti-cgt-arm_18.12.4.LTS/include" --include_path="C:/ti/TivaWare_C_Series-2.1.4.178" -g --define=PART_TM4C123GH6PM --display_error_number --diag_wrap=off --diag_warning=225 --preproc_with_compile --preproc_dependency="tm4c123gh6pm_startup_ccs.d_raw"  "../tm4c123gh6pm_startup_ccs.c"
Finished building: "../tm4c123gh6pm_startup_ccs.c"
 
Building target: "lab5_workshop.out"
Invoking: ARM Linker
"C:/ti/ccs930/ccs/tools/compiler/ti-cgt-arm_18.12.4.LTS/bin/armcl" -mv7M4 --code_state=16 --float_support=FPv4SPD16 --abi=eabi -me -g --define=PART_TM4C123GH6PM --display_error_number --diag_wrap=off --diag_warning=225 -z -m"lab5_workshop.map" --heap_size=0 --stack_size=100 -i"C:/ti/ccs930/ccs/tools/compiler/ti-cgt-arm_18.12.4.LTS/lib" -i"C:/ti/ccs930/ccs/tools/compiler/ti-cgt-arm_18.12.4.LTS/include" --reread_libs --display_error_number --diag_wrap=off --warn_sections --xml_link_info="lab5_workshop_linkInfo.xml" --rom_model -o "lab5_workshop.out" "./main.obj" "./tm4c123gh6pm_startup_ccs.obj" "C:/ti/TivaWare_C_Series-2.1.4.178/driverlib/ccs/Debug/driverlib.lib" "../tm4c123gh6pm.cmd"  -llibc.a 
<Linking>
warning #10443-D: The ".stack" section size is required to be aligned to 8 bytes, but the specified size, 0x64, is not. The aligned size is 0x68
Finished building target: "lab5_workshop.out"
 

**** Build Finished ****

**** Build of configuration Debug for project lab5_workshop ****

"C:\\ti\\ccs930\\ccs\\utils\\bin\\gmake" -k all 
 
Building file: "../main.c"
Invoking: ARM Compiler
"C:/ti/ccs930/ccs/tools/compiler/ti-cgt-arm_18.12.4.LTS/bin/armcl" -mv7M4 --code_state=16 --float_support=FPv4SPD16 --abi=eabi -me --include_path="C:/ti/ccs930/ccs/tools/compiler/ti-cgt-arm_18.12.4.LTS/include" --include_path="C:/ti/TivaWare_C_Series-2.1.4.178" -g --define=PART_TM4C123GH6PM --display_error_number --diag_wrap=off --diag_warning=225 --preproc_with_compile --preproc_dependency="main.d_raw"  "../main.c"
Finished building: "../main.c"
 
Building target: "lab5_workshop.out"
Invoking: ARM Linker
"C:/ti/ccs930/ccs/tools/compiler/ti-cgt-arm_18.12.4.LTS/bin/armcl" -mv7M4 --code_state=16 --float_support=FPv4SPD16 --abi=eabi -me -g --define=PART_TM4C123GH6PM --display_error_number --diag_wrap=off --diag_warning=225 -z -m"lab5_workshop.map" --heap_size=0 --stack_size=100 -i"C:/ti/ccs930/ccs/tools/compiler/ti-cgt-arm_18.12.4.LTS/lib" -i"C:/ti/ccs930/ccs/tools/compiler/ti-cgt-arm_18.12.4.LTS/include" --reread_libs --display_error_number --diag_wrap=off --warn_sections --xml_link_info="lab5_workshop_linkInfo.xml" --rom_model -o "lab5_workshop.out" "./main.obj" "./tm4c123gh6pm_startup_ccs.obj" "C:/ti/TivaWare_C_Series-2.1.4.178/driverlib/ccs/Debug/driverlib.lib" "../tm4c123gh6pm.cmd"  -llibc.a 
<Linking>
warning #10443-D: The ".stack" section size is required to be aligned to 8 bytes, but the specified size, 0x64, is not. The aligned size is 0x68
Finished building target: "lab5_workshop.out"
 

**** Build Finished ****

**** Build of configuration Debug for project lab5_workshop ****

"C:\\ti\\ccs930\\ccs\\utils\\bin\\gmake" -k all 
 
gmake: Nothing to be done for 'all'.

**** Build Finished ****

**** Build of configuration Debug for project lab5_workshop ****

"C:\\ti\\ccs930\\ccs\\utils\\bin\\gmake" -k all 
 
gmake: Nothing to be done for 'all'.

**** Build Finished ****

**** Build of configuration Debug for project lab5_workshop ****

"C:\\ti\\ccs930\\ccs\\utils\\bin\\gmake" -k all 
 
gmake: Nothing to be done for 'all'.

**** Build Finished ****

**** Build of configuration Debug for project lab5_workshop ****

"C:\\ti\\ccs930\\ccs\\utils\\bin\\gmake" -k all 
 
Building file: "../main.c"
Invoking: ARM Compiler
"C:/ti/ccs930/ccs/tools/compiler/ti-cgt-arm_18.12.4.LTS/bin/armcl" -mv7M4 --code_state=16 --float_support=FPv4SPD16 -me --include_path="C:/ti/ccs930/ccs/tools/compiler/ti-cgt-arm_18.12.4.LTS/include" --include_path="C:/ti/TivaWare_C_Series-2.1.4.178" --define=PART_TM4C123GH6PM --define=ccs="ccs" -g --gcc --diag_warning=225 --diag_wrap=off --display_error_number --abi=eabi --preproc_with_compile --preproc_dependency="main.d_raw"  "../main.c"
Finished building: "../main.c"
 
Building file: "../tm4c123gh6pm_startup_ccs.c"
Invoking: ARM Compiler
"C:/ti/ccs930/ccs/tools/compiler/ti-cgt-arm_18.12.4.LTS/bin/armcl" -mv7M4 --code_state=16 --float_support=FPv4SPD16 -me --include_path="C:/ti/ccs930/ccs/tools/compiler/ti-cgt-arm_18.12.4.LTS/include" --include_path="C:/ti/TivaWare_C_Series-2.1.4.178" --define=PART_TM4C123GH6PM --define=ccs="ccs" -g --gcc --diag_warning=225 --diag_wrap=off --display_error_number --abi=eabi --preproc_with_compile --preproc_dependency="tm4c123gh6pm_startup_ccs.d_raw"  "../tm4c123gh6pm_startup_ccs.c"
Finished building: "../tm4c123gh6pm_startup_ccs.c"
 
Building target: "lab5_workshop.out"
Invoking: ARM Linker
"C:/ti/ccs930/ccs/tools/compiler/ti-cgt-arm_18.12.4.LTS/bin/armcl" -mv7M4 --code_state=16 --float_support=FPv4SPD16 -me --define=PART_TM4C123GH6PM --define=ccs="ccs" -g --gcc --diag_warning=225 --diag_wrap=off --display_error_number --abi=eabi -z -m"lab5_workshop.map" --heap_size=0 --stack_size=100 -i"C:/ti/ccs930/ccs/tools/compiler/ti-cgt-arm_18.12.4.LTS/lib" -i"C:/ti/ccs930/ccs/tools/compiler/ti-cgt-arm_18.12.4.LTS/include" --reread_libs --diag_wrap=off --display_error_number --warn_sections --xml_link_info="lab5_workshop_linkInfo.xml" --rom_model -o "lab5_workshop.out" "./main.obj" "./tm4c123gh6pm_startup_ccs.obj" "C:/ti/TivaWare_C_Series-2.1.4.178/driverlib/ccs/Debug/driverlib.lib" "../tm4c123gh6pm.cmd"  -llibc.a 
<Linking>
warning #10443-D: The ".stack" section size is required to be aligned to 8 bytes, but the specified size, 0x64, is not. The aligned size is 0x68
Finished building target: "lab5_workshop.out"
 

**** Build Finished ****

**** Clean-only build of configuration Debug for project adc ****

"C:\\ti\\ccs930\\ccs\\utils\\bin\\gmake" -k clean 
 
DEL /F  "lab5_workshop.out" 
DEL /F "main.obj" "tm4c123gh6pm_startup_ccs.obj" 
DEL /F "main.d" "tm4c123gh6pm_startup_ccs.d" 
Finished clean
 

**** Build Finished ****

**** Build of configuration Debug for project adc ****

"C:\\ti\\ccs930\\ccs\\utils\\bin\\gmake" -k all 
 
Building file: "../main.c"
Invoking: ARM Compiler
"C:/ti/ccs930/ccs/tools/compiler/ti-cgt-arm_18.12.4.LTS/bin/armcl" -mv7M4 --code_state=16 --float_support=FPv4SPD16 --abi=eabi -me --include_path="C:/ti/ccs930/ccs/tools/compiler/ti-cgt-arm_18.12.4.LTS/include" --include_path="C:/ti/TivaWare_C_Series-2.1.4.178" -g --define=PART_TM4C123GH6PM --display_error_number --diag_wrap=off --diag_warning=225 --preproc_with_compile --preproc_dependency="main.d_raw"  "../main.c"
Finished building: "../main.c"
 
Building file: "../tm4c123gh6pm_startup_ccs.c"
Invoking: ARM Compiler
"C:/ti/ccs930/ccs/tools/compiler/ti-cgt-arm_18.12.4.LTS/bin/armcl" -mv7M4 --code_state=16 --float_support=FPv4SPD16 --abi=eabi -me --include_path="C:/ti/ccs930/ccs/tools/compiler/ti-cgt-arm_18.12.4.LTS/include" --include_path="C:/ti/TivaWare_C_Series-2.1.4.178" -g --define=PART_TM4C123GH6PM --display_error_number --diag_wrap=off --diag_warning=225 --preproc_with_compile --preproc_dependency="tm4c123gh6pm_startup_ccs.d_raw"  "../tm4c123gh6pm_startup_ccs.c"
Finished building: "../tm4c123gh6pm_startup_ccs.c"
 
Building target: "adc.out"
Invoking: ARM Linker
"C:/ti/ccs930/ccs/tools/compiler/ti-cgt-arm_18.12.4.LTS/bin/armcl" -mv7M4 --code_state=16 --float_support=FPv4SPD16 --abi=eabi -me -g --define=PART_TM4C123GH6PM --display_error_number --diag_wrap=off --diag_warning=225 -z -m"adc.map" --heap_size=0 --stack_size=100 -i"C:/ti/ccs930/ccs/tools/compiler/ti-cgt-arm_18.12.4.LTS/lib" -i"C:/ti/ccs930/ccs/tools/compiler/ti-cgt-arm_18.12.4.LTS/include" --reread_libs --display_error_number --diag_wrap=off --warn_sections --xml_link_info="adc_linkInfo.xml" --rom_model -o "adc.out" "./main.obj" "./tm4c123gh6pm_startup_ccs.obj" "C:/ti/TivaWare_C_Series-2.1.4.178/driverlib/ccs/Debug/driverlib.lib" "../tm4c123gh6pm.cmd"  -llibc.a 
<Linking>
warning #10443-D: The ".stack" section size is required to be aligned to 8 bytes, but the specified size, 0x64, is not. The aligned size is 0x68
Finished building target: "adc.out"
 

**** Build Finished ****

**** Build of configuration Debug for project adc ****

"C:\\ti\\ccs930\\ccs\\utils\\bin\\gmake" -k all 
 
gmake: Nothing to be done for 'all'.

**** Build Finished ****

**** Build of configuration Debug for project adc ****

"C:\\ti\\ccs930\\ccs\\utils\\bin\\gmake" -k all 
 
gmake: Nothing to be done for 'all'.

**** Build Finished ****

**** Build of configuration Debug for project adc ****

"C:\\ti\\ccs930\\ccs\\utils\\bin\\gmake" -k all 
 
Building file: "../main.c"
Invoking: ARM Compiler
"C:/ti/ccs930/ccs/tools/compiler/ti-cgt-arm_18.12.4.LTS/bin/armcl" -mv7M4 --code_state=16 --float_support=FPv4SPD16 -me --include_path="C:/ti/ccs930/ccs/tools/compiler/ti-cgt-arm_18.12.4.LTS/include" --include_path="C:/ti/TivaWare_C_Series-2.1.4.178" --define=PART_TM4C123GH6PM --define=ccs="ccs" -g --gcc --diag_warning=225 --diag_wrap=off --display_error_number --abi=eabi --preproc_with_compile --preproc_dependency="main.d_raw"  "../main.c"
Finished building: "../main.c"
 
Building file: "../tm4c123gh6pm_startup_ccs.c"
Invoking: ARM Compiler
"C:/ti/ccs930/ccs/tools/compiler/ti-cgt-arm_18.12.4.LTS/bin/armcl" -mv7M4 --code_state=16 --float_support=FPv4SPD16 -me --include_path="C:/ti/ccs930/ccs/tools/compiler/ti-cgt-arm_18.12.4.LTS/include" --include_path="C:/ti/TivaWare_C_Series-2.1.4.178" --define=PART_TM4C123GH6PM --define=ccs="ccs" -g --gcc --diag_warning=225 --diag_wrap=off --display_error_number --abi=eabi --preproc_with_compile --preproc_dependency="tm4c123gh6pm_startup_ccs.d_raw"  "../tm4c123gh6pm_startup_ccs.c"
Finished building: "../tm4c123gh6pm_startup_ccs.c"
 
Building target: "adc.out"
Invoking: ARM Linker
"C:/ti/ccs930/ccs/tools/compiler/ti-cgt-arm_18.12.4.LTS/bin/armcl" -mv7M4 --code_state=16 --float_support=FPv4SPD16 -me --define=PART_TM4C123GH6PM --define=ccs="ccs" -g --gcc --diag_warning=225 --diag_wrap=off --display_error_number --abi=eabi -z -m"adc.map" --heap_size=0 --stack_size=100 -i"C:/ti/ccs930/ccs/tools/compiler/ti-cgt-arm_18.12.4.LTS/lib" -i"C:/ti/ccs930/ccs/tools/compiler/ti-cgt-arm_18.12.4.LTS/include" --reread_libs --diag_wrap=off --display_error_number --warn_sections --xml_link_info="adc_linkInfo.xml" --rom_model -o "adc.out" "./main.obj" "./tm4c123gh6pm_startup_ccs.obj" "C:/ti/TivaWare_C_Series-2.1.4.178/driverlib/ccs/Debug/driverlib.lib" "../tm4c123gh6pm.cmd"  -llibc.a 
<Linking>
warning #10443-D: The ".stack" section size is required to be aligned to 8 bytes, but the specified size, 0x64, is not. The aligned size is 0x68
Finished building target: "adc.out"
 

**** Build Finished ****

**** Build of configuration Debug for project adc ****

"C:\\ti\\ccs930\\ccs\\utils\\bin\\gmake" -k all 
 
gmake: Nothing to be done for 'all'.

**** Build Finished ****

**** Build of configuration Debug for project adc ****

"C:\\ti\\ccs930\\ccs\\utils\\bin\\gmake" -k all 
 
Building file: "../main.c"
Invoking: ARM Compiler
"C:/ti/ccs930/ccs/tools/compiler/ti-cgt-arm_18.12.4.LTS/bin/armcl" -mv7M4 --code_state=16 --float_support=FPv4SPD16 -me --include_path="C:/ti/ccs930/ccs/tools/compiler/ti-cgt-arm_18.12.4.LTS/include" --include_path="C:/ti/TivaWare_C_Series-2.1.4.178" --define=PART_TM4C123GH6PM --define=ccs="ccs" -g --gcc --diag_warning=225 --diag_wrap=off --display_error_number --abi=eabi --preproc_with_compile --preproc_dependency="main.d_raw"  "../main.c"
Finished building: "../main.c"
 
Building target: "adc.out"
Invoking: ARM Linker
"C:/ti/ccs930/ccs/tools/compiler/ti-cgt-arm_18.12.4.LTS/bin/armcl" -mv7M4 --code_state=16 --float_support=FPv4SPD16 -me --define=PART_TM4C123GH6PM --define=ccs="ccs" -g --gcc --diag_warning=225 --diag_wrap=off --display_error_number --abi=eabi -z -m"adc.map" --heap_size=0 --stack_size=100 -i"C:/ti/ccs930/ccs/tools/compiler/ti-cgt-arm_18.12.4.LTS/lib" -i"C:/ti/ccs930/ccs/tools/compiler/ti-cgt-arm_18.12.4.LTS/include" --reread_libs --diag_wrap=off --display_error_number --warn_sections --xml_link_info="adc_linkInfo.xml" --rom_model -o "adc.out" "./main.obj" "./tm4c123gh6pm_startup_ccs.obj" "C:/ti/TivaWare_C_Series-2.1.4.178/driverlib/ccs/Debug/driverlib.lib" "../tm4c123gh6pm.cmd"  -llibc.a 
<Linking>
warning #10443-D: The ".stack" section size is required to be aligned to 8 bytes, but the specified size, 0x64, is not. The aligned size is 0x68
Finished building target: "adc.out"
 

**** Build Finished ****

**** Build of configuration Debug for project adc ****

"C:\\ti\\ccs930\\ccs\\utils\\bin\\gmake" -k all 
 
gmake: Nothing to be done for 'all'.

**** Build Finished ****

**** Build of configuration Debug for project adc ****

"C:\\ti\\ccs930\\ccs\\utils\\bin\\gmake" -k all 
 
Building file: "../main.c"
Invoking: ARM Compiler
"C:/ti/ccs930/ccs/tools/compiler/ti-cgt-arm_18.12.4.LTS/bin/armcl" -mv7M4 --code_state=16 --float_support=FPv4SPD16 -me --include_path="C:/ti/ccs930/ccs/tools/compiler/ti-cgt-arm_18.12.4.LTS/include" --include_path="C:/ti/TivaWare_C_Series-2.1.4.178" --define=PART_TM4C123GH6PM --define=ccs="ccs" -g --gcc --diag_warning=225 --diag_wrap=off --display_error_number --abi=eabi --preproc_with_compile --preproc_dependency="main.d_raw"  "../main.c"
Finished building: "../main.c"
 
Building target: "adc.out"
Invoking: ARM Linker
"C:/ti/ccs930/ccs/tools/compiler/ti-cgt-arm_18.12.4.LTS/bin/armcl" -mv7M4 --code_state=16 --float_support=FPv4SPD16 -me --define=PART_TM4C123GH6PM --define=ccs="ccs" -g --gcc --diag_warning=225 --diag_wrap=off --display_error_number --abi=eabi -z -m"adc.map" --heap_size=0 --stack_size=100 -i"C:/ti/ccs930/ccs/tools/compiler/ti-cgt-arm_18.12.4.LTS/lib" -i"C:/ti/ccs930/ccs/tools/compiler/ti-cgt-arm_18.12.4.LTS/include" --reread_libs --diag_wrap=off --display_error_number --warn_sections --xml_link_info="adc_linkInfo.xml" --rom_model -o "adc.out" "./main.obj" "./tm4c123gh6pm_startup_ccs.obj" "C:/ti/TivaWare_C_Series-2.1.4.178/driverlib/ccs/Debug/driverlib.lib" "../tm4c123gh6pm.cmd"  -llibc.a 
<Linking>
warning #10443-D: The ".stack" section size is required to be aligned to 8 bytes, but the specified size, 0x64, is not. The aligned size is 0x68
Finished building target: "adc.out"
 

**** Build Finished ****

**** Build of configuration Debug for project adc ****

"C:\\ti\\ccs930\\ccs\\utils\\bin\\gmake" -k all 
 
Building file: "../main.c"
Invoking: ARM Compiler
"C:/ti/ccs930/ccs/tools/compiler/ti-cgt-arm_18.12.4.LTS/bin/armcl" -mv7M4 --code_state=16 --float_support=FPv4SPD16 -me --include_path="C:/ti/ccs930/ccs/tools/compiler/ti-cgt-arm_18.12.4.LTS/include" --include_path="C:/ti/TivaWare_C_Series-2.1.4.178" --define=PART_TM4C123GH6PM --define=ccs="ccs" -g --gcc --diag_warning=225 --diag_wrap=off --display_error_number --abi=eabi --preproc_with_compile --preproc_dependency="main.d_raw"  "../main.c"
Finished building: "../main.c"
 
Building target: "adc.out"
Invoking: ARM Linker
"C:/ti/ccs930/ccs/tools/compiler/ti-cgt-arm_18.12.4.LTS/bin/armcl" -mv7M4 --code_state=16 --float_support=FPv4SPD16 -me --define=PART_TM4C123GH6PM --define=ccs="ccs" -g --gcc --diag_warning=225 --diag_wrap=off --display_error_number --abi=eabi -z -m"adc.map" --heap_size=0 --stack_size=100 -i"C:/ti/ccs930/ccs/tools/compiler/ti-cgt-arm_18.12.4.LTS/lib" -i"C:/ti/ccs930/ccs/tools/compiler/ti-cgt-arm_18.12.4.LTS/include" --reread_libs --diag_wrap=off --display_error_number --warn_sections --xml_link_info="adc_linkInfo.xml" --rom_model -o "adc.out" "./main.obj" "./tm4c123gh6pm_startup_ccs.obj" "C:/ti/TivaWare_C_Series-2.1.4.178/driverlib/ccs/Debug/driverlib.lib" "../tm4c123gh6pm.cmd"  -llibc.a 
<Linking>
warning #10443-D: The ".stack" section size is required to be aligned to 8 bytes, but the specified size, 0x64, is not. The aligned size is 0x68
Finished building target: "adc.out"
 

**** Build Finished ****

**** Build of configuration Debug for project adc ****

"C:\\ti\\ccs930\\ccs\\utils\\bin\\gmake" -k all 
 
gmake: Nothing to be done for 'all'.

**** Build Finished ****

**** Build of configuration Debug for project adc ****

"C:\\ti\\ccs930\\ccs\\utils\\bin\\gmake" -k all 
 
Building file: "../main.c"
Invoking: ARM Compiler
"C:/ti/ccs930/ccs/tools/compiler/ti-cgt-arm_18.12.4.LTS/bin/armcl" -mv7M4 --code_state=16 --float_support=FPv4SPD16 -me --include_path="C:/ti/ccs930/ccs/tools/compiler/ti-cgt-arm_18.12.4.LTS/include" --include_path="C:/ti/TivaWare_C_Series-2.1.4.178" --define=PART_TM4C123GH6PM --define=ccs="ccs" -g --gcc --diag_warning=225 --diag_wrap=off --display_error_number --abi=eabi --preproc_with_compile --preproc_dependency="main.d_raw"  "../main.c"
 
>> Compilation failure
subdir_rules.mk:9: recipe for target 'main.obj' failed
"../main.c", line 107: error #20: identifier "ui32ADC_00Value" is undefined
1 error detected in the compilation of "../main.c".
gmake: *** [main.obj] Error 1
gmake: Target 'all' not remade because of errors.

**** Build Finished ****

**** Build of configuration Debug for project adc ****

"C:\\ti\\ccs930\\ccs\\utils\\bin\\gmake" -k all 
 
Building file: "../main.c"
Invoking: ARM Compiler
"C:/ti/ccs930/ccs/tools/compiler/ti-cgt-arm_18.12.4.LTS/bin/armcl" -mv7M4 --code_state=16 --float_support=FPv4SPD16 -me --include_path="C:/ti/ccs930/ccs/tools/compiler/ti-cgt-arm_18.12.4.LTS/include" --include_path="C:/ti/TivaWare_C_Series-2.1.4.178" --define=PART_TM4C123GH6PM --define=ccs="ccs" -g --gcc --diag_warning=225 --diag_wrap=off --display_error_number --abi=eabi --preproc_with_compile --preproc_dependency="main.d_raw"  "../main.c"
Finished building: "../main.c"
 
Building target: "adc.out"
Invoking: ARM Linker
"C:/ti/ccs930/ccs/tools/compiler/ti-cgt-arm_18.12.4.LTS/bin/armcl" -mv7M4 --code_state=16 --float_support=FPv4SPD16 -me --define=PART_TM4C123GH6PM --define=ccs="ccs" -g --gcc --diag_warning=225 --diag_wrap=off --display_error_number --abi=eabi -z -m"adc.map" --heap_size=0 --stack_size=100 -i"C:/ti/ccs930/ccs/tools/compiler/ti-cgt-arm_18.12.4.LTS/lib" -i"C:/ti/ccs930/ccs/tools/compiler/ti-cgt-arm_18.12.4.LTS/include" --reread_libs --diag_wrap=off --display_error_number --warn_sections --xml_link_info="adc_linkInfo.xml" --rom_model -o "adc.out" "./main.obj" "./tm4c123gh6pm_startup_ccs.obj" "C:/ti/TivaWare_C_Series-2.1.4.178/driverlib/ccs/Debug/driverlib.lib" "../tm4c123gh6pm.cmd"  -llibc.a 
<Linking>
warning #10443-D: The ".stack" section size is required to be aligned to 8 bytes, but the specified size, 0x64, is not. The aligned size is 0x68
Finished building target: "adc.out"
 

**** Build Finished ****

**** Build of configuration Debug for project adc ****

"C:\\ti\\ccs930\\ccs\\utils\\bin\\gmake" -k all 
 
gmake: Nothing to be done for 'all'.

**** Build Finished ****
